The system is: Windows - 10.0.22621 - AMD64
Compiling the C compiler identification source file "CMakeCCompilerId.c" succeeded.
Compiler: C:/Program Files/Microsoft Visual Studio/2022/Community/VC/Tools/MSVC/14.35.32215/bin/Hostx64/x64/cl.exe 
Build flags: 
Id flags:  

The output was:
0
Microsoft (R) C/C++ Optimizing Compiler Version 19.35.32217.1 for x64
Copyright (C) Microsoft Corporation.  All rights reserved.

CMakeCCompilerId.c
Microsoft (R) Incremental Linker Version 14.35.32217.1
Copyright (C) Microsoft Corporation.  All rights reserved.

/out:CMakeCCompilerId.exe 
CMakeCCompilerId.obj 


Compilation of the C compiler identification source "CMakeCCompilerId.c" produced "CMakeCCompilerId.exe"

Compilation of the C compiler identification source "CMakeCCompilerId.c" produced "CMakeCCompilerId.obj"

The C compiler identification is MSVC, found in "C:/Users/alext/Documents/GitHub/AlexPetrucci_ICTPRG302/out/build/x64-Debug/CMakeFiles/3.25.1-msvc1/CompilerIdC/CMakeCCompilerId.exe"

Compiling the CXX compiler identification source file "CMakeCXXCompilerId.cpp" succeeded.
Compiler: C:/Program Files/Microsoft Visual Studio/2022/Community/VC/Tools/MSVC/14.35.32215/bin/Hostx64/x64/cl.exe 
Build flags: 
Id flags:  

The output was:
0
Microsoft (R) C/C++ Optimizing Compiler Version 19.35.32217.1 for x64
Copyright (C) Microsoft Corporation.  All rights reserved.

CMakeCXXCompilerId.cpp
Microsoft (R) Incremental Linker Version 14.35.32217.1
Copyright (C) Microsoft Corporation.  All rights reserved.

/out:CMakeCXXCompilerId.exe 
CMakeCXXCompilerId.obj 


Compilation of the CXX compiler identification source "CMakeCXXCompilerId.cpp" produced "CMakeCXXCompilerId.exe"

Compilation of the CXX compiler identification source "CMakeCXXCompilerId.cpp" produced "CMakeCXXCompilerId.obj"

The CXX compiler identification is MSVC, found in "C:/Users/alext/Documents/GitHub/AlexPetrucci_ICTPRG302/out/build/x64-Debug/CMakeFiles/3.25.1-msvc1/CompilerIdCXX/CMakeCXXCompilerId.exe"

Detecting C compiler ABI info compiled with the following output:
Change Dir: C:/Users/alext/Documents/GitHub/AlexPetrucci_ICTPRG302/out/build/x64-Debug/CMakeFiles/CMakeScratch/TryCompile-3e398a

Run Build Command(s):C:/Program Files/Microsoft Visual Studio/2022/Community/Common7/IDE/CommonExtensions/Microsoft/CMake/Ninja/ninja.exe cmTC_c48dc && [1/2] Building C object CMakeFiles\cmTC_c48dc.dir\CMakeCCompilerABI.c.obj
[2/2] Linking C executable cmTC_c48dc.exe



Detecting CXX compiler ABI info compiled with the following output:
Change Dir: C:/Users/alext/Documents/GitHub/AlexPetrucci_ICTPRG302/out/build/x64-Debug/CMakeFiles/CMakeScratch/TryCompile-tc5p84

Run Build Command(s):C:/Program Files/Microsoft Visual Studio/2022/Community/Common7/IDE/CommonExtensions/Microsoft/CMake/Ninja/ninja.exe cmTC_3982c && [1/2] Building CXX object CMakeFiles\cmTC_3982c.dir\CMakeCXXCompilerABI.cpp.obj
[2/2] Linking CXX executable cmTC_3982c.exe



Determining if the include file sys/types.h exists passed with the following output:
Change Dir: C:/Users/alext/Documents/GitHub/AlexPetrucci_ICTPRG302/out/build/x64-Debug/CMakeFiles/CMakeScratch/TryCompile-ze74v6

Run Build Command(s):C:/Program Files/Microsoft Visual Studio/2022/Community/Common7/IDE/CommonExtensions/Microsoft/CMake/Ninja/ninja.exe cmTC_26be6 && [1/2] Building C object CMakeFiles\cmTC_26be6.dir\CheckIncludeFile.c.obj
[2/2] Linking C executable cmTC_26be6.exe



Determining if the include file stdint.h exists passed with the following output:
Change Dir: C:/Users/alext/Documents/GitHub/AlexPetrucci_ICTPRG302/out/build/x64-Debug/CMakeFiles/CMakeScratch/TryCompile-6653f7

Run Build Command(s):C:/Program Files/Microsoft Visual Studio/2022/Community/Common7/IDE/CommonExtensions/Microsoft/CMake/Ninja/ninja.exe cmTC_b3168 && [1/2] Building C object CMakeFiles\cmTC_b3168.dir\CheckIncludeFile.c.obj
[2/2] Linking C executable cmTC_b3168.exe



Determining if the include file stddef.h exists passed with the following output:
Change Dir: C:/Users/alext/Documents/GitHub/AlexPetrucci_ICTPRG302/out/build/x64-Debug/CMakeFiles/CMakeScratch/TryCompile-wf1oke

Run Build Command(s):C:/Program Files/Microsoft Visual Studio/2022/Community/Common7/IDE/CommonExtensions/Microsoft/CMake/Ninja/ninja.exe cmTC_9f1d2 && [1/2] Building C object CMakeFiles\cmTC_9f1d2.dir\CheckIncludeFile.c.obj
[2/2] Linking C executable cmTC_9f1d2.exe



Determining size of void* passed with the following output:
Change Dir: C:/Users/alext/Documents/GitHub/AlexPetrucci_ICTPRG302/out/build/x64-Debug/CMakeFiles/CMakeScratch/TryCompile-ey4tpj

Run Build Command(s):C:/Program Files/Microsoft Visual Studio/2022/Community/Common7/IDE/CommonExtensions/Microsoft/CMake/Ninja/ninja.exe cmTC_d7f3e && [1/2] Building C object CMakeFiles\cmTC_d7f3e.dir\SIZEOF_VOID_PTR.c.obj
[2/2] Linking C executable cmTC_d7f3e.exe



